<?xml version="1.0" encoding="UTF-8"?>
<!-- Generated by org.testng.reporters.JUnitReportReporter -->
<testsuite skipped="0" hostname="aanukevich" name="test.GoogleSearchTests" tests="3" failures="0" timestamp="2020-02-12T14:41:34 MSK" time="11.955" errors="0">
  <testcase name="googleTest" time="6.482" classname="test.GoogleSearchTests"/>
  <system-out/>
  <testcase name="yandexTest" time="2.979" classname="test.GoogleSearchTests"/>
  <system-out/>
  <testcase name="yahooTest" time="2.494" classname="test.GoogleSearchTests"/>
  <system-out/>
</testsuite> <!-- test.GoogleSearchTests -->
