<?xml version="1.0" encoding="UTF-8"?>
<!-- Generated by org.testng.reporters.JUnitReportReporter -->
<testsuite skipped="0" hostname="aanukevich" name="test.YandexSearchTests" tests="1" failures="0" timestamp="2020-02-12T14:41:34 MSK" time="6.140" errors="0">
  <testcase name="openSite" time="6.140" classname="test.YandexSearchTests"/>
  <system-out/>
</testsuite> <!-- test.YandexSearchTests -->
